\BOOKMARK [1][-]{section.1}{Daily Progress}{}% 1
\BOOKMARK [2][-]{subsection.1.1}{Week 1 : 15 May to 21 May}{section.1}% 2
\BOOKMARK [3][-]{subsubsection.1.1.1}{15 May : Monday}{subsection.1.1}% 3
\BOOKMARK [3][-]{subsubsection.1.1.2}{16 May : Tuesday}{subsection.1.1}% 4
\BOOKMARK [3][-]{subsubsection.1.1.3}{17 May : Wednesday}{subsection.1.1}% 5
\BOOKMARK [3][-]{subsubsection.1.1.4}{18 May : Thursday}{subsection.1.1}% 6
\BOOKMARK [3][-]{subsubsection.1.1.5}{19 May : Friday}{subsection.1.1}% 7
\BOOKMARK [3][-]{subsubsection.1.1.6}{20 May : Saturday}{subsection.1.1}% 8
\BOOKMARK [3][-]{subsubsection.1.1.7}{21 May : Sunday}{subsection.1.1}% 9
\BOOKMARK [2][-]{subsection.1.2}{Week 2: 22 May to 28 May}{section.1}% 10
\BOOKMARK [3][-]{subsubsection.1.2.1}{22 May : Monday}{subsection.1.2}% 11
\BOOKMARK [3][-]{subsubsection.1.2.2}{23 May : Tuesday}{subsection.1.2}% 12
\BOOKMARK [3][-]{subsubsection.1.2.3}{24 May : Wednesday}{subsection.1.2}% 13
\BOOKMARK [3][-]{subsubsection.1.2.4}{25 May : Thursday}{subsection.1.2}% 14
\BOOKMARK [3][-]{subsubsection.1.2.5}{26 May : Friday}{subsection.1.2}% 15
\BOOKMARK [3][-]{subsubsection.1.2.6}{27 May : Saturday}{subsection.1.2}% 16
\BOOKMARK [3][-]{subsubsection.1.2.7}{28 May : Sunday}{subsection.1.2}% 17
\BOOKMARK [2][-]{subsection.1.3}{Week 3 : 29 May to June 4}{section.1}% 18
\BOOKMARK [3][-]{subsubsection.1.3.1}{29 May : Monday}{subsection.1.3}% 19
\BOOKMARK [3][-]{subsubsection.1.3.2}{30 May : Tuesday}{subsection.1.3}% 20
\BOOKMARK [3][-]{subsubsection.1.3.3}{31 May : Wednesday}{subsection.1.3}% 21
\BOOKMARK [1][-]{section.2}{Weekly Progress}{}% 22
\BOOKMARK [2][-]{subsection.2.1}{Week 1}{section.2}% 23
\BOOKMARK [2][-]{subsection.2.2}{Week 2}{section.2}% 24
\BOOKMARK [2][-]{subsection.2.3}{Week 3}{section.2}% 25
